<?xml version="1.0" encoding="UTF-8"?>
<robot generator="Robot 4.1 (Python 3.7.16 on darwin)" generated="20230223 16:59:08.167" rpa="false" schemaversion="2">
<suite id="s1" name="Lazada" source="/Volumes/M/robot-scripts/lazada-procedural/tests/Lazada.robot">
<test id="s1-t1" name="Should open Lazada shopping website and search product">
<kw name="Selenium General Settings" library="Common">
<kw name="Set Selenium Speed" library="SeleniumLibrary">
<arg>.2</arg>
<doc>Sets the delay that is waited after each Selenium command.</doc>
<status status="PASS" starttime="20230223 16:59:08.477" endtime="20230223 16:59:08.477"/>
</kw>
<kw name="Set Selenium Timeout" library="SeleniumLibrary">
<arg>10s</arg>
<doc>Sets the timeout that is used by various keywords.</doc>
<status status="PASS" starttime="20230223 16:59:08.478" endtime="20230223 16:59:08.478"/>
</kw>
<status status="PASS" starttime="20230223 16:59:08.476" endtime="20230223 16:59:08.479"/>
</kw>
<kw name="Start Web Test" library="Common">
<arg>${browser}</arg>
<kw name="Open Browser" library="SeleniumLibrary">
<arg>about:blank</arg>
<arg>${browser}</arg>
<doc>Opens a new browser instance to the optional ``url``.</doc>
<msg timestamp="20230223 16:59:08.481" level="INFO">Opening browser 'safari' to base url 'about:blank'.</msg>
<status status="PASS" starttime="20230223 16:59:08.480" endtime="20230223 16:59:10.500"/>
</kw>
<status status="PASS" starttime="20230223 16:59:08.479" endtime="20230223 16:59:10.502"/>
</kw>
<kw name="Load Lazada Web" library="LandingPage">
<arg>${url_and_verify_keys}[0]</arg>
<kw name="Go To" library="SeleniumLibrary">
<arg>${web_link}</arg>
<doc>Navigates the current browser window to the provided ``url``.</doc>
<msg timestamp="20230223 16:59:10.505" level="INFO">Opening url 'http://lazada.vn'</msg>
<status status="PASS" starttime="20230223 16:59:10.505" endtime="20230223 17:01:42.621"/>
</kw>
<status status="PASS" starttime="20230223 16:59:10.503" endtime="20230223 17:01:42.622"/>
</kw>
<kw name="Verify Page Loaded" library="LandingPage">
<arg>${url_and_verify_keys}[1]</arg>
<kw name="Wait Until Page Contains" library="SeleniumLibrary">
<arg>${verify_web_keys}</arg>
<doc>Waits until ``text`` appears on the current page.</doc>
<status status="PASS" starttime="20230223 17:01:42.623" endtime="20230223 17:01:42.885"/>
</kw>
<status status="PASS" starttime="20230223 17:01:42.622" endtime="20230223 17:01:42.885"/>
</kw>
<kw name="End Web Test" library="Common">
<kw name="Close Browser" library="SeleniumLibrary">
<doc>Closes the current browser.</doc>
<status status="PASS" starttime="20230223 17:01:42.886" endtime="20230223 17:01:43.132"/>
</kw>
<status status="PASS" starttime="20230223 17:01:42.885" endtime="20230223 17:01:43.133"/>
</kw>
<status status="PASS" starttime="20230223 16:59:08.475" endtime="20230223 17:01:43.133"/>
</test>
<status status="PASS" starttime="20230223 16:59:08.171" endtime="20230223 17:01:43.135"/>
</suite>
<statistics>
<total>
<stat pass="1" fail="0" skip="0">All Tests</stat>
</total>
<tag>
</tag>
<suite>
<stat pass="1" fail="0" skip="0" id="s1" name="Lazada">Lazada</stat>
</suite>
</statistics>
<errors>
</errors>
</robot>
