<?xml version="1.0" encoding="UTF-8"?>
<robot generator="Robot 4.1 (Python 3.7.16 on darwin)" generated="20230217 11:47:20.459" rpa="false" schemaversion="2">
<suite id="s1" name="Lazada" source="/Volumes/M/robot-scripts/lazada-procedural/tests/Lazada.robot">
<test id="s1-t1" name="Should open Lazada shopping website and search product">
<kw name="Selenium General Settings" library="Common">
<kw name="Set Selenium Speed" library="SeleniumLibrary">
<arg>.2</arg>
<doc>Sets the delay that is waited after each Selenium command.</doc>
<status status="PASS" starttime="20230217 11:47:21.251" endtime="20230217 11:47:21.252"/>
</kw>
<kw name="Set Selenium Timeout" library="SeleniumLibrary">
<arg>10s</arg>
<doc>Sets the timeout that is used by various keywords.</doc>
<status status="PASS" starttime="20230217 11:47:21.253" endtime="20230217 11:47:21.254"/>
</kw>
<status status="PASS" starttime="20230217 11:47:21.250" endtime="20230217 11:47:21.255"/>
</kw>
<kw name="Start Web Test" library="Common">
<kw name="Open Browser" library="SeleniumLibrary">
<arg>about:blank</arg>
<arg>chrome</arg>
<doc>Opens a new browser instance to the optional ``url``.</doc>
<msg timestamp="20230217 11:47:21.259" level="INFO">Opening browser 'chrome' to base url 'about:blank'.</msg>
<status status="PASS" starttime="20230217 11:47:21.257" endtime="20230217 11:47:26.013"/>
</kw>
<status status="PASS" starttime="20230217 11:47:21.256" endtime="20230217 11:47:26.013"/>
</kw>
<kw name="Load Lazada Web" library="LandingPage">
<kw name="Go To" library="SeleniumLibrary">
<arg>http://lazada.vn</arg>
<doc>Navigates the current browser window to the provided ``url``.</doc>
<msg timestamp="20230217 11:47:26.015" level="INFO">Opening url 'http://lazada.vn'</msg>
<status status="PASS" starttime="20230217 11:47:26.015" endtime="20230217 11:48:50.662"/>
</kw>
<status status="PASS" starttime="20230217 11:47:26.014" endtime="20230217 11:48:50.667"/>
</kw>
<kw name="Verify Page Loaded" library="LandingPage">
<kw name="Wait Until Page Contains" library="SeleniumLibrary">
<arg>LazMall</arg>
<doc>Waits until ``text`` appears on the current page.</doc>
<status status="PASS" starttime="20230217 11:48:50.673" endtime="20230217 11:48:51.573"/>
</kw>
<status status="PASS" starttime="20230217 11:48:50.670" endtime="20230217 11:48:51.573"/>
</kw>
<kw name="Search Product" library="Lazada">
<kw name="Search Product on Lazada" library="SearchResults">
<kw name="Input Text" library="SeleniumLibrary">
<arg>id=q</arg>
<arg>Airpod pro</arg>
<doc>Types the given ``text`` into the text field identified by ``locator``.</doc>
<msg timestamp="20230217 11:48:51.581" level="INFO">Typing text 'Airpod pro' into text field 'id=q'.</msg>
<status status="PASS" starttime="20230217 11:48:51.576" endtime="20230217 11:48:53.168"/>
</kw>
<kw name="Click Button" library="SeleniumLibrary">
<arg>xpath=//*[@id="topActionHeader"]/div/div[2]/div/div[2]/div/form/div/div[2]/button</arg>
<doc>Clicks the button identified by ``locator``.</doc>
<msg timestamp="20230217 11:48:53.169" level="INFO">Clicking button 'xpath=//*[@id="topActionHeader"]/div/div[2]/div/div[2]/div/form/div/div[2]/button'.</msg>
<status status="PASS" starttime="20230217 11:48:53.168" endtime="20230217 11:50:13.648"/>
</kw>
<status status="PASS" starttime="20230217 11:48:51.575" endtime="20230217 11:50:13.648"/>
</kw>
<kw name="Verify Product Searched" library="SearchResults">
<kw name="Wait Until Page Contains" library="SeleniumLibrary">
<arg>Tai Nghe Bluetooth</arg>
<doc>Waits until ``text`` appears on the current page.</doc>
<status status="PASS" starttime="20230217 11:50:13.650" endtime="20230217 11:50:14.634"/>
</kw>
<status status="PASS" starttime="20230217 11:50:13.649" endtime="20230217 11:50:14.634"/>
</kw>
<status status="PASS" starttime="20230217 11:48:51.574" endtime="20230217 11:50:14.635"/>
</kw>
<kw name="View Product Page" library="Lazada">
<kw name="Choose Product from Search Results Page" library="Product">
<kw name="Click Link" library="SeleniumLibrary">
<arg>xpath=//*[@id="root"]/div/div[2]/div[1]/div/div[1]/div[2]/div[1]/div/div/div[2]/div[2]/a</arg>
<doc>Clicks a link identified by ``locator``.</doc>
<msg timestamp="20230217 11:50:14.639" level="INFO">Clicking link 'xpath=//*[@id="root"]/div/div[2]/div[1]/div/div[1]/div[2]/div[1]/div/div/div[2]/div[2]/a'.</msg>
<status status="PASS" starttime="20230217 11:50:14.638" endtime="20230217 11:51:35.024"/>
</kw>
<status status="PASS" starttime="20230217 11:50:14.637" endtime="20230217 11:51:35.031"/>
</kw>
<kw name="Verify Product Page Loaded" library="Product">
<kw name="Wait Until Page Contains" library="SeleniumLibrary">
<arg>Ratings</arg>
<doc>Waits until ``text`` appears on the current page.</doc>
<status status="PASS" starttime="20230217 11:51:35.035" endtime="20230217 11:51:35.708"/>
</kw>
<status status="PASS" starttime="20230217 11:51:35.033" endtime="20230217 11:51:35.709"/>
</kw>
<status status="PASS" starttime="20230217 11:50:14.636" endtime="20230217 11:51:35.710"/>
</kw>
<kw name="Add to Cart" library="Lazada">
<kw name="Click on Add To Cart Button" library="Cart">
<kw name="Click Button" library="SeleniumLibrary">
<arg>xpath=//*[@id="module_add_to_cart"]/div/button[2]</arg>
<doc>Clicks the button identified by ``locator``.</doc>
<msg timestamp="20230217 11:51:35.714" level="INFO">Clicking button 'xpath=//*[@id="module_add_to_cart"]/div/button[2]'.</msg>
<status status="PASS" starttime="20230217 11:51:35.712" endtime="20230217 11:51:36.925"/>
</kw>
<status status="PASS" starttime="20230217 11:51:35.711" endtime="20230217 11:51:36.925"/>
</kw>
<kw name="User must login to add item to cart" library="Cart">
<kw name="Wait Until Page Contains" library="SeleniumLibrary">
<arg>Welcome! Please Login to continue.</arg>
<arg>None</arg>
<doc>Waits until ``text`` appears on the current page.</doc>
<msg timestamp="20230217 11:51:48.364" level="INFO" html="true">&lt;/td&gt;&lt;/tr&gt;&lt;tr&gt;&lt;td colspan="3"&gt;&lt;a href="selenium-screenshot-13.png"&gt;&lt;img src="selenium-screenshot-13.png" width="800px"&gt;&lt;/a&gt;</msg>
<msg timestamp="20230217 11:51:48.377" level="FAIL">Text 'Welcome! Please Login to continue.' did not appear in 10 seconds.</msg>
<status status="FAIL" starttime="20230217 11:51:36.927" endtime="20230217 11:51:48.377"/>
</kw>
<status status="FAIL" starttime="20230217 11:51:36.926" endtime="20230217 11:51:48.380"/>
</kw>
<status status="FAIL" starttime="20230217 11:51:35.710" endtime="20230217 11:51:48.383"/>
</kw>
<kw name="End Web Test" library="Common">
<status status="NOT RUN" starttime="20230217 11:51:48.384" endtime="20230217 11:51:48.384"/>
</kw>
<status status="FAIL" starttime="20230217 11:47:21.248" endtime="20230217 11:51:48.385">Text 'Welcome! Please Login to continue.' did not appear in 10 seconds.</status>
</test>
<status status="FAIL" starttime="20230217 11:47:20.463" endtime="20230217 11:51:48.390"/>
</suite>
<statistics>
<total>
<stat pass="0" fail="1" skip="0">All Tests</stat>
</total>
<tag>
</tag>
<suite>
<stat pass="0" fail="1" skip="0" id="s1" name="Lazada">Lazada</stat>
</suite>
</statistics>
<errors>
</errors>
</robot>
